[INFO] Processing build on daemon 1c467fe4
[INFO] Scanning for projects...
[WARN] 
[WARN] Some problems were encountered while building the effective model for org.springframework.cloud:spring-cloud-contract-docs:jar:4.0.4-SNAPSHOT
[WARN] 'build.plugins.plugin.version' for org.codehaus.mojo:build-helper-maven-plugin is missing. @ line 29, column 12
[WARN] 
[WARN] Some problems were encountered while building the effective model for org.springframework.cloud:spring-cloud-contract-verifier:jar:4.0.4-SNAPSHOT
[WARN] 'build.plugins.plugin.version' for org.codehaus.mojo:build-helper-maven-plugin is missing. @ line 320, column 12
[WARN] 
[WARN] It is highly recommended to fix these problems because they threaten the stability of your build.
[WARN] 
[WARN] For this reason, future Maven versions might no longer support building such malformed projects.
[WARN] 
[INFO] BuildTimeEventSpy is registered.
[INFO] Downloading from spring-releases: https://repo.spring.io/release/org/codehaus/mojo/flatten-maven-plugin/maven-metadata.xml
[WARN] Could not transfer metadata org.codehaus.mojo:flatten-maven-plugin/maven-metadata.xml from/to spring-releases (https://repo.spring.io/release): authentication failed for https://repo.spring.io/release/org/codehaus/mojo/flatten-maven-plugin/maven-metadata.xml, status: 401 Unauthorized
[INFO] 
[INFO] Using the SmartBuilder implementation with a thread count of 15
[INFO] Task segments : [dependency:tree]
[INFO] Build maximum degree of concurrency is 15
[INFO] Total number of projects is 1
[INFO] 
[INFO] ----< org.springframework.cloud:spring-cloud-contract-spec-kotlin >-----
[INFO] Building Spring Cloud Contract Spec Kotlin 4.0.4-SNAPSHOT
[INFO] --------------------------------[ jar ]---------------------------------
[INFO] Downloading from spring-releases: https://repo.spring.io/release/org/slf4j/slf4j-api/maven-metadata.xml
[INFO] Downloading from maven-restlet: https://maven.restlet.org/org/slf4j/slf4j-api/maven-metadata.xml
[WARN] Could not transfer metadata org.slf4j:slf4j-api/maven-metadata.xml from/to spring-releases (https://repo.spring.io/release): authentication failed for https://repo.spring.io/release/org/slf4j/slf4j-api/maven-metadata.xml, status: 401 Unauthorized
[WARN] Could not transfer metadata org.slf4j:slf4j-api/maven-metadata.xml from/to maven-restlet (https://maven.restlet.org): transfer failed for https://maven.restlet.org/org/slf4j/slf4j-api/maven-metadata.xml
[WARN] org.slf4j:slf4j-api/maven-metadata.xml failed to transfer from https://repo.spring.io/release during a previous attempt. This failure was cached in the local repository and resolution will not be reattempted until the update interval of spring-releases has elapsed or updates are forced. Original error: Could not transfer metadata org.slf4j:slf4j-api/maven-metadata.xml from/to spring-releases (https://repo.spring.io/release): authentication failed for https://repo.spring.io/release/org/slf4j/slf4j-api/maven-metadata.xml, status: 401 Unauthorized
[WARN] org.slf4j:slf4j-api/maven-metadata.xml failed to transfer from https://maven.restlet.org during a previous attempt. This failure was cached in the local repository and resolution will not be reattempted until the update interval of maven-restlet has elapsed or updates are forced. Original error: Could not transfer metadata org.slf4j:slf4j-api/maven-metadata.xml from/to maven-restlet (https://maven.restlet.org): transfer failed for https://maven.restlet.org/org/slf4j/slf4j-api/maven-metadata.xml
[INFO] 
[INFO] --- maven-dependency-plugin:2.8:tree (default-cli) @ spring-cloud-contract-spec-kotlin ---
[WARN] The artifact xml-apis:xml-apis:jar:2.0.2 has been relocated to xml-apis:xml-apis:jar:1.0.b2
[WARN] org.slf4j:slf4j-api/maven-metadata.xml failed to transfer from https://repo.spring.io/release during a previous attempt. This failure was cached in the local repository and resolution will not be reattempted until the update interval of spring-releases has elapsed or updates are forced. Original error: Could not transfer metadata org.slf4j:slf4j-api/maven-metadata.xml from/to spring-releases (https://repo.spring.io/release): authentication failed for https://repo.spring.io/release/org/slf4j/slf4j-api/maven-metadata.xml, status: 401 Unauthorized
[WARN] org.slf4j:slf4j-api/maven-metadata.xml failed to transfer from https://maven.restlet.org during a previous attempt. This failure was cached in the local repository and resolution will not be reattempted until the update interval of maven-restlet has elapsed or updates are forced. Original error: Could not transfer metadata org.slf4j:slf4j-api/maven-metadata.xml from/to maven-restlet (https://maven.restlet.org): transfer failed for https://maven.restlet.org/org/slf4j/slf4j-api/maven-metadata.xml
[WARN] org.slf4j:slf4j-api/maven-metadata.xml failed to transfer from https://repo.spring.io/release during a previous attempt. This failure was cached in the local repository and resolution will not be reattempted until the update interval of spring-releases has elapsed or updates are forced. Original error: Could not transfer metadata org.slf4j:slf4j-api/maven-metadata.xml from/to spring-releases (https://repo.spring.io/release): authentication failed for https://repo.spring.io/release/org/slf4j/slf4j-api/maven-metadata.xml, status: 401 Unauthorized
[WARN] org.slf4j:slf4j-api/maven-metadata.xml failed to transfer from https://maven.restlet.org during a previous attempt. This failure was cached in the local repository and resolution will not be reattempted until the update interval of maven-restlet has elapsed or updates are forced. Original error: Could not transfer metadata org.slf4j:slf4j-api/maven-metadata.xml from/to maven-restlet (https://maven.restlet.org): transfer failed for https://maven.restlet.org/org/slf4j/slf4j-api/maven-metadata.xml
[INFO] org.springframework.cloud:spring-cloud-contract-spec-kotlin:jar:4.0.4-SNAPSHOT
[INFO] +- org.springframework.cloud:spring-cloud-contract-spec-java:jar:4.0.4-SNAPSHOT:compile
[INFO] |  +- org.apache.groovy:groovy:jar:4.0.0:compile
[INFO] |  +- org.springframework:spring-core:jar:6.0.9:compile
[INFO] |  +- dk.brics:automaton:jar:1.12-4:compile
[INFO] |  +- org.apache.commons:commons-text:jar:1.10.0:compile
[INFO] |  |  \- org.apache.commons:commons-lang3:jar:3.12.0:compile
[INFO] |  \- org.springframework:spring-jcl:jar:6.0.9:compile
[INFO] +- org.jetbrains.kotlin:kotlin-stdlib-jdk8:jar:1.8.22:compile
[INFO] |  +- org.jetbrains.kotlin:kotlin-stdlib:jar:1.8.22:compile
[INFO] |  |  +- org.jetbrains.kotlin:kotlin-stdlib-common:jar:1.8.22:compile
[INFO] |  |  \- org.jetbrains:annotations:jar:13.0:compile
[INFO] |  \- org.jetbrains.kotlin:kotlin-stdlib-jdk7:jar:1.8.22:compile
[INFO] +- org.jetbrains.kotlin:kotlin-compiler-embeddable:jar:1.8.22:compile
[INFO] |  +- org.jetbrains.kotlin:kotlin-script-runtime:jar:1.8.22:compile
[INFO] |  +- org.jetbrains.kotlin:kotlin-reflect:jar:1.8.22:runtime
[INFO] |  +- org.jetbrains.kotlin:kotlin-daemon-embeddable:jar:1.8.22:runtime
[INFO] |  +- org.jetbrains.intellij.deps:trove4j:jar:1.0.20200330:compile
[INFO] |  \- net.java.dev.jna:jna:jar:5.6.0:runtime
[INFO] +- org.jetbrains.kotlin:kotlin-scripting-compiler-embeddable:jar:1.8.22:compile
[INFO] |  \- org.jetbrains.kotlin:kotlin-scripting-compiler-impl-embeddable:jar:1.8.22:runtime
[INFO] |     \- org.jetbrains.kotlin:kotlin-scripting-common:jar:1.8.22:compile
[INFO] +- org.jetbrains.kotlin:kotlin-script-util:jar:1.8.22:compile
[INFO] |  +- org.jetbrains.kotlin:kotlin-scripting-jvm:jar:1.8.22:compile
[INFO] |  \- org.jetbrains.kotlin:kotlin-daemon-client:jar:1.8.22:compile
[INFO] |     \- org.jetbrains.kotlinx:kotlinx-coroutines-core-jvm:jar:1.6.4:compile
[INFO] +- org.springframework.boot:spring-boot-starter-test:jar:3.0.7:test
[INFO] |  +- org.springframework.boot:spring-boot-starter:jar:3.0.7:test
[INFO] |  |  +- org.springframework.boot:spring-boot:jar:3.0.7:test
[INFO] |  |  |  \- org.springframework:spring-context:jar:6.0.9:test
[INFO] |  |  |     +- org.springframework:spring-aop:jar:6.0.9:test
[INFO] |  |  |     +- org.springframework:spring-beans:jar:6.0.9:test
[INFO] |  |  |     \- org.springframework:spring-expression:jar:6.0.9:test
[INFO] |  |  +- org.springframework.boot:spring-boot-autoconfigure:jar:3.0.7:test
[INFO] |  |  +- org.springframework.boot:spring-boot-starter-logging:jar:3.0.7:test
[INFO] |  |  |  +- ch.qos.logback:logback-classic:jar:1.4.7:test
[INFO] |  |  |  |  \- ch.qos.logback:logback-core:jar:1.4.7:test
[INFO] |  |  |  +- org.apache.logging.log4j:log4j-to-slf4j:jar:2.19.0:test
[INFO] |  |  |  |  \- org.apache.logging.log4j:log4j-api:jar:2.19.0:test
[INFO] |  |  |  \- org.slf4j:jul-to-slf4j:jar:2.0.7:test
[INFO] |  |  +- jakarta.annotation:jakarta.annotation-api:jar:2.1.1:test
[INFO] |  |  \- org.yaml:snakeyaml:jar:1.33:test
[INFO] |  +- org.springframework.boot:spring-boot-test:jar:3.0.7:test
[INFO] |  +- org.springframework.boot:spring-boot-test-autoconfigure:jar:3.0.7:test
[INFO] |  +- com.jayway.jsonpath:json-path:jar:2.7.0:test
[INFO] |  |  +- net.minidev:json-smart:jar:2.4.11:test
[INFO] |  |  |  \- net.minidev:accessors-smart:jar:2.4.11:test
[INFO] |  |  |     \- org.ow2.asm:asm:jar:9.3:test
[INFO] |  |  \- org.slf4j:slf4j-api:jar:2.0.7:provided (version selected from constraint [2.0.0,))
[INFO] |  +- jakarta.xml.bind:jakarta.xml.bind-api:jar:4.0.0:test
[INFO] |  |  \- jakarta.activation:jakarta.activation-api:jar:2.1.2:test
[INFO] |  +- org.assertj:assertj-core:jar:3.23.1:test
[INFO] |  |  \- net.bytebuddy:byte-buddy:jar:1.12.23:test
[INFO] |  +- org.hamcrest:hamcrest:jar:2.2:test
[INFO] |  +- org.junit.jupiter:junit-jupiter:jar:5.9.3:test
[INFO] |  |  +- org.junit.jupiter:junit-jupiter-api:jar:5.9.3:test
[INFO] |  |  |  +- org.opentest4j:opentest4j:jar:1.2.0:test
[INFO] |  |  |  +- org.junit.platform:junit-platform-commons:jar:1.9.3:test
[INFO] |  |  |  \- org.apiguardian:apiguardian-api:jar:1.1.2:test
[INFO] |  |  +- org.junit.jupiter:junit-jupiter-params:jar:5.9.3:test
[INFO] |  |  \- org.junit.jupiter:junit-jupiter-engine:jar:5.9.3:test
[INFO] |  |     \- org.junit.platform:junit-platform-engine:jar:1.9.3:test
[INFO] |  +- org.mockito:mockito-core:jar:2.23.0:test
[INFO] |  |  +- net.bytebuddy:byte-buddy-agent:jar:1.12.23:test
[INFO] |  |  \- org.objenesis:objenesis:jar:2.6:test
[INFO] |  +- org.mockito:mockito-junit-jupiter:jar:4.8.1:test
[INFO] |  +- org.skyscreamer:jsonassert:jar:1.5.1:test
[INFO] |  |  \- com.vaadin.external.google:android-json:jar:0.0.20131108.vaadin1:test
[INFO] |  +- org.springframework:spring-test:jar:6.0.9:test
[INFO] |  \- org.xmlunit:xmlunit-core:jar:2.9.1:test
[INFO] \- org.jetbrains.kotlin:kotlin-test:jar:1.8.22:test
[INFO] Segment walltime 0 s, segment projects service time 0 s, effective/maximum degree of concurrency 1.00/15
[INFO] ------------------------------------------------------------------------
[INFO] BUILD SUCCESS
[INFO] ------------------------------------------------------------------------
[INFO] Total time:  1.574 s (Wall Clock)
[INFO] Finished at: 2023-07-05T14:44:53+02:00
[INFO] ------------------------------------------------------------------------
