[INFO] Scanning for projects...
[INFO] 
[INFO] ------------------< com.example.standalone:contracts >------------------
[INFO] Building Contracts 0.0.1
[INFO] --------------------------------[ jar ]---------------------------------
[INFO] 
[INFO] --- maven-clean-plugin:2.5:clean (default-clean) @ contracts ---
[INFO] Deleting /home/marcin/repo/spring-cloud-contract/samples/standalone/contracts/target
[INFO] 
[INFO] --- maven-resources-plugin:2.6:resources (default-resources) @ contracts ---
[INFO] Using 'UTF-8' encoding to copy filtered resources.
[INFO] skip non existing resourceDirectory /home/marcin/repo/spring-cloud-contract/samples/standalone/contracts/src/main/resources
[INFO] 
[INFO] --- maven-compiler-plugin:3.1:compile (default-compile) @ contracts ---
[INFO] No sources to compile
[INFO] 
[INFO] --- maven-resources-plugin:2.6:testResources (default-testResources) @ contracts ---
[INFO] Using 'UTF-8' encoding to copy filtered resources.
[INFO] skip non existing resourceDirectory /home/marcin/repo/spring-cloud-contract/samples/standalone/contracts/src/test/resources
[INFO] 
[INFO] --- maven-compiler-plugin:3.1:testCompile (default-testCompile) @ contracts ---
[INFO] No sources to compile
[INFO] 
[INFO] --- maven-surefire-plugin:2.12.4:test (default-test) @ contracts ---
[INFO] No tests to run.
[INFO] 
[INFO] --- maven-assembly-plugin:2.2-beta-5:single (contracts) @ contracts ---
[INFO] Building jar: /home/marcin/repo/spring-cloud-contract/samples/standalone/contracts/target/contracts-0.0.1.jar
[WARNING] Configuration options: 'appendAssemblyId' is set to false, and 'classifier' is missing.
Instead of attaching the assembly file: /home/marcin/repo/spring-cloud-contract/samples/standalone/contracts/target/contracts-0.0.1.jar, it will become the file for main project artifact.
NOTE: If multiple descriptors or descriptor-formats are provided for this project, the value of this file will be non-deterministic!
[INFO] 
[INFO] --- maven-jar-plugin:2.4:jar (default-jar) @ contracts ---
[WARNING] JAR will be empty - no content was marked for inclusion!
[INFO] Building jar: /home/marcin/repo/spring-cloud-contract/samples/standalone/contracts/target/contracts-0.0.1.jar
[INFO] 
[INFO] --- maven-install-plugin:2.4:install (default-install) @ contracts ---
[INFO] Installing /home/marcin/repo/spring-cloud-contract/samples/standalone/contracts/target/contracts-0.0.1.jar to /home/marcin/.m2/repository/com/example/standalone/contracts/0.0.1/contracts-0.0.1.jar
[INFO] Installing /home/marcin/repo/spring-cloud-contract/samples/standalone/contracts/interpolated-pom.xml to /home/marcin/.m2/repository/com/example/standalone/contracts/0.0.1/contracts-0.0.1.pom
[INFO] ------------------------------------------------------------------------
[INFO] BUILD SUCCESS
[INFO] ------------------------------------------------------------------------
[INFO] Total time:  0.564 s
[INFO] Finished at: 2023-09-06T14:29:15+02:00
[INFO] ------------------------------------------------------------------------
