[INFO] Scanning for projects...
[INFO] 
[INFO] --------------------< com.example:http-server-dsl >---------------------
[INFO] Building Spring Cloud Contract Verifier Http Server Sample 0.0.1
[INFO] --------------------------------[ jar ]---------------------------------
[INFO] 
[INFO] --- maven-dependency-plugin:3.3.0:tree (default-cli) @ http-server-dsl ---
[INFO] com.example:http-server-dsl:jar:0.0.1
[INFO] +- org.springframework.boot:spring-boot-starter-web:jar:3.0.0-SNAPSHOT:compile
[INFO] |  +- org.springframework.boot:spring-boot-starter:jar:3.0.0-SNAPSHOT:compile
[INFO] |  |  +- org.springframework.boot:spring-boot:jar:3.0.0-SNAPSHOT:compile
[INFO] |  |  +- org.springframework.boot:spring-boot-autoconfigure:jar:3.0.0-SNAPSHOT:compile
[INFO] |  |  +- org.springframework.boot:spring-boot-starter-logging:jar:3.0.0-SNAPSHOT:compile
[INFO] |  |  |  +- ch.qos.logback:logback-classic:jar:1.2.11:compile
[INFO] |  |  |  |  \- ch.qos.logback:logback-core:jar:1.2.11:compile
[INFO] |  |  |  +- org.apache.logging.log4j:log4j-to-slf4j:jar:2.17.2:compile
[INFO] |  |  |  |  \- org.apache.logging.log4j:log4j-api:jar:2.17.2:compile
[INFO] |  |  |  \- org.slf4j:jul-to-slf4j:jar:1.7.36:compile
[INFO] |  |  +- jakarta.annotation:jakarta.annotation-api:jar:2.0.0:compile
[INFO] |  |  \- org.yaml:snakeyaml:jar:1.30:compile
[INFO] |  +- org.springframework.boot:spring-boot-starter-json:jar:3.0.0-SNAPSHOT:compile
[INFO] |  |  +- com.fasterxml.jackson.core:jackson-databind:jar:2.13.2.1:compile
[INFO] |  |  |  +- com.fasterxml.jackson.core:jackson-annotations:jar:2.13.2:compile
[INFO] |  |  |  \- com.fasterxml.jackson.core:jackson-core:jar:2.13.2:compile
[INFO] |  |  +- com.fasterxml.jackson.datatype:jackson-datatype-jdk8:jar:2.13.2:compile
[INFO] |  |  +- com.fasterxml.jackson.datatype:jackson-datatype-jsr310:jar:2.13.2:compile
[INFO] |  |  \- com.fasterxml.jackson.module:jackson-module-parameter-names:jar:2.13.2:compile
[INFO] |  +- org.springframework.boot:spring-boot-starter-tomcat:jar:3.0.0-SNAPSHOT:compile
[INFO] |  |  +- org.apache.tomcat.embed:tomcat-embed-core:jar:10.0.18:compile
[INFO] |  |  +- org.apache.tomcat.embed:tomcat-embed-el:jar:10.0.18:compile
[INFO] |  |  \- org.apache.tomcat.embed:tomcat-embed-websocket:jar:10.0.18:compile
[INFO] |  +- org.springframework:spring-web:jar:5.0.2-SNAPSHOT:compile
[INFO] |  |  \- org.springframework:spring-beans:jar:5.0.2-SNAPSHOT:compile
[INFO] |  \- org.springframework:spring-webmvc:jar:5.0.2-SNAPSHOT:compile
[INFO] |     +- org.springframework:spring-aop:jar:5.0.2-SNAPSHOT:compile
[INFO] |     +- org.springframework:spring-context:jar:5.0.2-SNAPSHOT:compile
[INFO] |     \- org.springframework:spring-expression:jar:5.0.2-SNAPSHOT:compile
[INFO] +- org.springframework.boot:spring-boot-starter-actuator:jar:3.0.0-SNAPSHOT:compile
[INFO] |  +- org.springframework.boot:spring-boot-actuator-autoconfigure:jar:3.0.0-SNAPSHOT:compile
[INFO] |  |  \- org.springframework.boot:spring-boot-actuator:jar:3.0.0-SNAPSHOT:compile
[INFO] |  +- io.micrometer:micrometer-observation:jar:1.10.0-SNAPSHOT:compile
[INFO] |  |  \- io.micrometer:micrometer-commons:jar:1.10.0-SNAPSHOT:compile
[INFO] |  \- io.micrometer:micrometer-core:jar:1.10.0-SNAPSHOT:compile
[INFO] |     +- org.hdrhistogram:HdrHistogram:jar:2.1.12:compile
[INFO] |     \- org.latencyutils:LatencyUtils:jar:2.0.3:runtime
[INFO] +- org.springframework.boot:spring-boot-starter-test:jar:3.0.0-SNAPSHOT:test
[INFO] |  +- org.springframework.boot:spring-boot-test:jar:3.0.0-SNAPSHOT:test
[INFO] |  +- org.springframework.boot:spring-boot-test-autoconfigure:jar:3.0.0-SNAPSHOT:test
[INFO] |  +- com.jayway.jsonpath:json-path:jar:2.7.0:test
[INFO] |  |  +- net.minidev:json-smart:jar:2.4.8:test
[INFO] |  |  |  \- net.minidev:accessors-smart:jar:2.4.8:test
[INFO] |  |  \- org.slf4j:slf4j-api:jar:1.7.36:compile
[INFO] |  +- jakarta.xml.bind:jakarta.xml.bind-api:jar:3.0.1:test
[INFO] |  |  \- com.sun.activation:jakarta.activation:jar:2.0.1:test
[INFO] |  +- org.assertj:assertj-core:jar:3.22.0:test
[INFO] |  +- org.hamcrest:hamcrest:jar:2.2:test
[INFO] |  +- org.junit.jupiter:junit-jupiter:jar:5.8.2:test
[INFO] |  |  +- org.junit.jupiter:junit-jupiter-api:jar:5.8.2:test
[INFO] |  |  |  +- org.opentest4j:opentest4j:jar:1.2.0:test
[INFO] |  |  |  +- org.junit.platform:junit-platform-commons:jar:1.8.2:test
[INFO] |  |  |  \- org.apiguardian:apiguardian-api:jar:1.1.2:test
[INFO] |  |  +- org.junit.jupiter:junit-jupiter-params:jar:5.8.2:test
[INFO] |  |  \- org.junit.jupiter:junit-jupiter-engine:jar:5.8.2:test
[INFO] |  |     \- org.junit.platform:junit-platform-engine:jar:1.8.2:test
[INFO] |  +- org.mockito:mockito-core:jar:4.5.0:test
[INFO] |  |  +- net.bytebuddy:byte-buddy:jar:1.12.9:test
[INFO] |  |  +- net.bytebuddy:byte-buddy-agent:jar:1.12.9:test
[INFO] |  |  \- org.objenesis:objenesis:jar:3.2:test
[INFO] |  +- org.mockito:mockito-junit-jupiter:jar:4.5.0:test
[INFO] |  +- org.skyscreamer:jsonassert:jar:1.5.0:test
[INFO] |  |  \- com.vaadin.external.google:android-json:jar:0.0.20131108.vaadin1:test
[INFO] |  +- org.springframework:spring-core:jar:5.0.2-SNAPSHOT:compile
[INFO] |  |  \- org.springframework:spring-jcl:jar:5.0.2-SNAPSHOT:compile
[INFO] |  +- org.springframework:spring-test:jar:5.0.2-SNAPSHOT:test
[INFO] |  \- org.xmlunit:xmlunit-core:jar:2.9.0:test
[INFO] +- org.springframework.cloud:spring-cloud-starter-stream-rabbit:jar:4.0.0-SNAPSHOT:compile
[INFO] |  \- org.springframework.cloud:spring-cloud-stream-binder-rabbit:jar:4.0.0-SNAPSHOT:compile
[INFO] |     +- org.springframework.cloud:spring-cloud-stream-binder-rabbit-core:jar:4.0.0-SNAPSHOT:compile
[INFO] |     |  +- org.springframework.integration:spring-integration-amqp:jar:6.0.0-M2:compile
[INFO] |     |  \- com.rabbitmq:http-client:jar:2.1.0.RELEASE:compile
[INFO] |     +- org.springframework.cloud:spring-cloud-stream:jar:4.0.0-SNAPSHOT:compile
[INFO] |     +- org.springframework.boot:spring-boot-starter-amqp:jar:3.0.0-SNAPSHOT:compile
[INFO] |     |  \- org.springframework.amqp:spring-rabbit:jar:3.0.0-M2:compile
[INFO] |     |     +- org.springframework.amqp:spring-amqp:jar:3.0.0-M2:compile
[INFO] |     |     \- com.rabbitmq:amqp-client:jar:5.14.2:compile
[INFO] |     \- org.apache.httpcomponents:httpclient:jar:4.5.13:compile
[INFO] |        +- org.apache.httpcomponents:httpcore:jar:4.4.15:compile
[INFO] |        \- commons-codec:commons-codec:jar:1.15:compile
[INFO] +- org.springframework.cloud:spring-cloud-stream:test-jar:test-binder:4.0.0-SNAPSHOT:test
[INFO] |  +- org.springframework.boot:spring-boot-starter-validation:jar:3.0.0-SNAPSHOT:compile
[INFO] |  |  \- org.hibernate.validator:hibernate-validator:jar:7.0.4.Final:compile
[INFO] |  |     +- jakarta.validation:jakarta.validation-api:jar:3.0.1:compile
[INFO] |  |     +- org.jboss.logging:jboss-logging:jar:3.4.3.Final:compile
[INFO] |  |     \- com.fasterxml:classmate:jar:1.5.1:compile
[INFO] |  +- org.springframework:spring-messaging:jar:5.0.2-SNAPSHOT:compile
[INFO] |  +- org.springframework.integration:spring-integration-core:jar:6.0.0-M2:compile
[INFO] |  |  +- org.springframework:spring-tx:jar:5.0.2-SNAPSHOT:compile
[INFO] |  |  \- io.projectreactor:reactor-core:jar:3.4.17:compile
[INFO] |  |     \- org.reactivestreams:reactive-streams:jar:1.0.3:compile
[INFO] |  +- org.springframework.integration:spring-integration-jmx:jar:6.0.0-M2:compile
[INFO] |  +- org.springframework.retry:spring-retry:jar:1.3.3:compile
[INFO] |  \- org.springframework.cloud:spring-cloud-function-context:jar:4.0.0-SNAPSHOT:compile
[INFO] |     +- net.jodah:typetools:jar:0.6.2:compile
[INFO] |     +- org.springframework.cloud:spring-cloud-function-core:jar:4.0.0-SNAPSHOT:compile
[INFO] |     +- javax.annotation:javax.annotation-api:jar:1.3.2:compile
[INFO] |     \- javax.activation:javax.activation-api:jar:1.2.0:compile
[INFO] \- org.springframework.cloud:spring-cloud-starter-contract-verifier:jar:4.0.0-SNAPSHOT:test
[INFO]    +- org.springframework.cloud:spring-cloud-contract-verifier:jar:4.0.0-SNAPSHOT:test
[INFO]    |  +- org.springframework.cloud:spring-cloud-contract-spec:jar:4.0.0-SNAPSHOT:test
[INFO]    |  |  +- org.springframework.cloud:spring-cloud-contract-spec-java:jar:4.0.0-SNAPSHOT:test
[INFO]    |  |  |  \- dk.brics.automaton:automaton:jar:1.11-8:test
[INFO]    |  |  \- org.springframework.cloud:spring-cloud-contract-spec-groovy:jar:4.0.0-SNAPSHOT:test
[INFO]    |  +- org.springframework.cloud:spring-cloud-contract-shade:jar:4.0.0-SNAPSHOT:test
[INFO]    |  +- org.apache.commons:commons-text:jar:1.9:test
[INFO]    |  |  \- org.apache.commons:commons-lang3:jar:3.12.0:test
[INFO]    |  +- javax.inject:javax.inject:jar:1:test
[INFO]    |  +- com.github.tomakehurst:wiremock-jre8-standalone:jar:2.35.0:test
[INFO]    |  +- org.apache.maven.resolver:maven-resolver-api:jar:1.4.1:test
[INFO]    |  +- com.rackspace.eclipse.webtools.sourceediting:org.eclipse.wst.xml.xpath2.processor:jar:2.1.100:test
[INFO]    |  |  +- edu.princeton.cup:java-cup:jar:10k:test
[INFO]    |  |  \- com.ibm.icu:icu4j:jar:4.6:test
[INFO]    |  +- org.apache.groovy:groovy:jar:4.0.1:test
[INFO]    |  +- org.apache.groovy:groovy-nio:jar:4.0.1:test
[INFO]    |  +- org.apache.groovy:groovy-json:jar:4.0.1:test
[INFO]    |  +- org.apache.groovy:groovy-xml:jar:4.0.1:test
[INFO]    |  +- com.github.jknack:handlebars:jar:4.2.0:test
[INFO]    |  +- commons-beanutils:commons-beanutils:jar:1.9.4:test
[INFO]    |  |  +- commons-logging:commons-logging:jar:1.2:test
[INFO]    |  |  \- commons-collections:commons-collections:jar:3.2.2:test
[INFO]    |  +- com.fasterxml.jackson.dataformat:jackson-dataformat-yaml:jar:2.13.2:test
[INFO]    |  +- net.javacrumbs.json-unit:json-unit-assertj:jar:2.32.0:test
[INFO]    |  |  +- net.javacrumbs.json-unit:json-unit-core:jar:2.32.0:test
[INFO]    |  |  |  \- org.hamcrest:hamcrest-core:jar:2.2:test
[INFO]    |  |  \- net.javacrumbs.json-unit:json-unit-json-path:jar:2.32.0:test
[INFO]    |  \- org.springframework.cloud:spring-cloud-function-compiler:jar:3.0.6.RELEASE:test
[INFO]    |     \- org.eclipse.jdt.core.compiler:ecj:jar:4.4.2:test
[INFO]    +- io.rest-assured:rest-assured:jar:5.0.2-SNAPSHOT:test
[INFO]    |  +- org.apache.httpcomponents:httpmime:jar:4.5.13:test
[INFO]    |  +- org.ccil.cowan.tagsoup:tagsoup:jar:1.2.1:test
[INFO]    |  +- io.rest-assured:json-path:jar:5.0.2-SNAPSHOT:test
[INFO]    |  |  \- io.rest-assured:rest-assured-common:jar:5.0.2-SNAPSHOT:test
[INFO]    |  \- io.rest-assured:xml-path:jar:5.0.2-SNAPSHOT:test
[INFO]    +- io.rest-assured:spring-mock-mvc:jar:5.0.2-SNAPSHOT:test
[INFO]    |  \- io.rest-assured:spring-commons:jar:5.0.2-SNAPSHOT:test
[INFO]    +- com.toomuchcoding.jsonassert:jsonassert:jar:0.6.2:test
[INFO]    \- cglib:cglib:jar:3.3.0:test
[INFO]       \- org.ow2.asm:asm:jar:7.1:test
[INFO] ------------------------------------------------------------------------
[INFO] BUILD SUCCESS
[INFO] ------------------------------------------------------------------------
[INFO] Total time:  1.045 s
[INFO] Finished at: 2022-05-04T13:31:15+02:00
[INFO] ------------------------------------------------------------------------
[WARNING] The requested profile "spring" could not be activated because it does not exist.
